# JRE version: Java(TM) SE Runtime Environment (9.0+11) (build 9.0.4+11)
# Java VM: Java HotSpot(TM) 64-Bit Server VM (9.0.4+11, mixed mode, tiered, compressed oops, g1 gc, windows-amd64)
Heap:
 garbage-first heap   total 324608K, used 117758K [0x0000000700000000, 0x00000007001009e8, 0x00000007c0000000)
  region size 1024K, 9 young (9216K), 1 survivors (1024K)
 Metaspace       used 93168K, capacity 99919K, committed 100044K, reserved 1136640K
  class space    used 12636K, capacity 13774K, committed 13824K, reserved 1048576K
GC Heap History (10 events):
Event: 2365.780 GC heap before
{Heap before GC invocations=642 (full 80):
 garbage-first heap   total 324608K, used 116182K [0x0000000700000000, 0x00000007001009e8, 0x00000007c0000000)
  region size 1024K, 7 young (7168K), 0 survivors (0K)
 Metaspace       used 93158K, capacity 99919K, committed 100044K, reserved 1136640K
  class space    used 12636K, capacity 13774K, committed 13824K, reserved 1048576K
}
Event: 2366.013 GC heap after
{Heap after GC invocations=643 (full 81):
 garbage-first heap   total 324608K, used 110027K [0x0000000700000000, 0x00000007001009e8, 0x00000007c0000000)
  region size 1024K, 0 young (0K), 0 survivors (0K)
 Metaspace       used 93158K, capacity 99919K, committed 100044K, reserved 1136640K
  class space    used 12636K, capacity 13774K, committed 13824K, reserved 1048576K
}
Event: 2368.941 GC heap before
{Heap before GC invocations=643 (full 81):
 garbage-first heap   total 324608K, used 123339K [0x0000000700000000, 0x00000007001009e8, 0x00000007c0000000)
  region size 1024K, 9 young (9216K), 0 survivors (0K)
 Metaspace       used 93164K, capacity 99919K, committed 100044K, reserved 1136640K
  class space    used 12636K, capacity 13774K, committed 13824K, reserved 1048576K
}
Event: 2369.184 GC heap after
{Heap after GC invocations=644 (full 82):
 garbage-first heap   total 324608K, used 110016K [0x0000000700000000, 0x00000007001009e8, 0x00000007c0000000)
  region size 1024K, 0 young (0K), 0 survivors (0K)
 Metaspace       used 93164K, capacity 99919K, committed 100044K, reserved 1136640K
  class space    used 12636K, capacity 13774K, committed 13824K, reserved 1048576K
}
Event: 2385.736 GC heap before
{Heap before GC invocations=644 (full 82):
 garbage-first heap   total 324608K, used 171456K [0x0000000700000000, 0x00000007001009e8, 0x00000007c0000000)
  region size 1024K, 60 young (61440K), 0 survivors (0K)
 Metaspace       used 93164K, capacity 99919K, committed 100044K, reserved 1136640K
  class space    used 12636K, capacity 13774K, committed 13824K, reserved 1048576K
}
Event: 2385.739 GC heap after
{Heap after GC invocations=645 (full 82):
 garbage-first heap   total 324608K, used 110442K [0x0000000700000000, 0x00000007001009e8, 0x00000007c0000000)
  region size 1024K, 1 young (1024K), 1 survivors (1024K)
 Metaspace       used 93164K, capacity 99919K, committed 100044K, reserved 1136640K
  class space    used 12636K, capacity 13774K, committed 13824K, reserved 1048576K
}
Event: 2387.940 GC heap before
{Heap before GC invocations=645 (full 82):
 garbage-first heap   total 324608K, used 170858K [0x0000000700000000, 0x00000007001009e8, 0x00000007c0000000)
  region size 1024K, 60 young (61440K), 1 survivors (1024K)
 Metaspace       used 93165K, capacity 99919K, committed 100044K, reserved 1136640K
  class space    used 12636K, capacity 13774K, committed 13824K, reserved 1048576K
}
Event: 2387.942 GC heap after
{Heap after GC invocations=646 (full 82):
 garbage-first heap   total 324608K, used 110547K [0x0000000700000000, 0x00000007001009e8, 0x00000007c0000000)
  region size 1024K, 1 young (1024K), 1 survivors (1024K)
 Metaspace       used 93165K, capacity 99919K, committed 100044K, reserved 1136640K
  class space    used 12636K, capacity 13774K, committed 13824K, reserved 1048576K
}
Event: 2388.816 GC heap before
{Heap before GC invocations=646 (full 82):
 garbage-first heap   total 324608K, used 170963K [0x0000000700000000, 0x00000007001009e8, 0x00000007c0000000)
  region size 1024K, 60 young (61440K), 1 survivors (1024K)
 Metaspace       used 93168K, capacity 99919K, committed 100044K, reserved 1136640K
  class space    used 12636K, capacity 13774K, committed 13824K, reserved 1048576K
}
Event: 2388.819 GC heap after
{Heap after GC invocations=647 (full 82):
 garbage-first heap   total 324608K, used 110590K [0x0000000700000000, 0x00000007001009e8, 0x00000007c0000000)
  region size 1024K, 1 young (1024K), 1 survivors (1024K)
 Metaspace       used 93168K, capacity 99919K, committed 100044K, reserved 1136640K
  class space    used 12636K, capacity 13774K, committed 13824K, reserved 1048576K
}

