# JRE version: Java(TM) SE Runtime Environment (9.0+11) (build 9.0.4+11)
# Java VM: Java HotSpot(TM) 64-Bit Server VM (9.0.4+11, mixed mode, tiered, compressed oops, g1 gc, windows-amd64)
Heap:
 garbage-first heap   total 227328K, used 118301K [0x0000000700000000, 0x00000007001006f0, 0x00000007c0000000)
  region size 1024K, 20 young (20480K), 1 survivors (1024K)
 Metaspace       used 87560K, capacity 93931K, committed 94160K, reserved 1130496K
  class space    used 11874K, capacity 12970K, committed 13052K, reserved 1048576K
GC Heap History (10 events):
Event: 1106.629 GC heap before
{Heap before GC invocations=256 (full 35):
 garbage-first heap   total 227328K, used 160270K [0x0000000700000000, 0x00000007001006f0, 0x00000007c0000000)
  region size 1024K, 60 young (61440K), 1 survivors (1024K)
 Metaspace       used 87517K, capacity 93931K, committed 94160K, reserved 1130496K
  class space    used 11873K, capacity 12970K, committed 13052K, reserved 1048576K
}
Event: 1106.632 GC heap after
{Heap after GC invocations=257 (full 35):
 garbage-first heap   total 227328K, used 99902K [0x0000000700000000, 0x00000007001006f0, 0x00000007c0000000)
  region size 1024K, 1 young (1024K), 1 survivors (1024K)
 Metaspace       used 87517K, capacity 93931K, committed 94160K, reserved 1130496K
  class space    used 11873K, capacity 12970K, committed 13052K, reserved 1048576K
}
Event: 1106.872 GC heap before
{Heap before GC invocations=257 (full 35):
 garbage-first heap   total 227328K, used 160318K [0x0000000700000000, 0x00000007001006f0, 0x00000007c0000000)
  region size 1024K, 60 young (61440K), 1 survivors (1024K)
 Metaspace       used 87519K, capacity 93931K, committed 94160K, reserved 1130496K
  class space    used 11873K, capacity 12970K, committed 13052K, reserved 1048576K
}
Event: 1106.875 GC heap after
{Heap after GC invocations=258 (full 35):
 garbage-first heap   total 227328K, used 99893K [0x0000000700000000, 0x00000007001006f0, 0x00000007c0000000)
  region size 1024K, 1 young (1024K), 1 survivors (1024K)
 Metaspace       used 87519K, capacity 93931K, committed 94160K, reserved 1130496K
  class space    used 11873K, capacity 12970K, committed 13052K, reserved 1048576K
}
Event: 1109.357 GC heap before
{Heap before GC invocations=258 (full 35):
 garbage-first heap   total 227328K, used 160309K [0x0000000700000000, 0x00000007001006f0, 0x00000007c0000000)
  region size 1024K, 61 young (62464K), 1 survivors (1024K)
 Metaspace       used 87526K, capacity 93931K, committed 94160K, reserved 1130496K
  class space    used 11873K, capacity 12970K, committed 13052K, reserved 1048576K
}
Event: 1109.360 GC heap after
{Heap after GC invocations=259 (full 35):
 garbage-first heap   total 227328K, used 100029K [0x0000000700000000, 0x00000007001006f0, 0x00000007c0000000)
  region size 1024K, 1 young (1024K), 1 survivors (1024K)
 Metaspace       used 87526K, capacity 93931K, committed 94160K, reserved 1130496K
  class space    used 11873K, capacity 12970K, committed 13052K, reserved 1048576K
}
Event: 1114.162 GC heap before
{Heap before GC invocations=259 (full 35):
 garbage-first heap   total 227328K, used 160445K [0x0000000700000000, 0x00000007001006f0, 0x00000007c0000000)
  region size 1024K, 60 young (61440K), 1 survivors (1024K)
 Metaspace       used 87543K, capacity 93931K, committed 94160K, reserved 1130496K
  class space    used 11873K, capacity 12970K, committed 13052K, reserved 1048576K
}
Event: 1114.165 GC heap after
{Heap after GC invocations=260 (full 35):
 garbage-first heap   total 227328K, used 99812K [0x0000000700000000, 0x00000007001006f0, 0x00000007c0000000)
  region size 1024K, 1 young (1024K), 1 survivors (1024K)
 Metaspace       used 87543K, capacity 93931K, committed 94160K, reserved 1130496K
  class space    used 11873K, capacity 12970K, committed 13052K, reserved 1048576K
}
Event: 1114.792 GC heap before
{Heap before GC invocations=260 (full 35):
 garbage-first heap   total 227328K, used 160228K [0x0000000700000000, 0x00000007001006f0, 0x00000007c0000000)
  region size 1024K, 60 young (61440K), 1 survivors (1024K)
 Metaspace       used 87559K, capacity 93931K, committed 94160K, reserved 1130496K
  class space    used 11874K, capacity 12970K, committed 13052K, reserved 1048576K
}
Event: 1114.794 GC heap after
{Heap after GC invocations=261 (full 35):
 garbage-first heap   total 227328K, used 99869K [0x0000000700000000, 0x00000007001006f0, 0x00000007c0000000)
  region size 1024K, 1 young (1024K), 1 survivors (1024K)
 Metaspace       used 87559K, capacity 93931K, committed 94160K, reserved 1130496K
  class space    used 11874K, capacity 12970K, committed 13052K, reserved 1048576K
}

