# JRE version: Java(TM) SE Runtime Environment (9.0+11) (build 9.0.4+11)
# Java VM: Java HotSpot(TM) 64-Bit Server VM (9.0.4+11, mixed mode, tiered, compressed oops, g1 gc, windows-amd64)
Heap:
 garbage-first heap   total 489472K, used 205385K [0x0000000700000000, 0x0000000700100ef0, 0x00000007c0000000)
  region size 1024K, 18 young (18432K), 1 survivors (1024K)
 Metaspace       used 109068K, capacity 112605K, committed 117968K, reserved 1150976K
  class space    used 15089K, capacity 15771K, committed 16892K, reserved 1048576K
GC Heap History (10 events):
Event: 8019.065 GC heap before
{Heap before GC invocations=1773 (full 191):
 garbage-first heap   total 489472K, used 249557K [0x0000000700000000, 0x0000000700100ef0, 0x00000007c0000000)
  region size 1024K, 60 young (61440K), 0 survivors (0K)
 Metaspace       used 109065K, capacity 112605K, committed 117968K, reserved 1150976K
  class space    used 15089K, capacity 15771K, committed 16892K, reserved 1048576K
}
Event: 8019.068 GC heap after
{Heap after GC invocations=1774 (full 191):
 garbage-first heap   total 489472K, used 188559K [0x0000000700000000, 0x0000000700100ef0, 0x00000007c0000000)
  region size 1024K, 1 young (1024K), 1 survivors (1024K)
 Metaspace       used 109065K, capacity 112605K, committed 117968K, reserved 1150976K
  class space    used 15089K, capacity 15771K, committed 16892K, reserved 1048576K
}
Event: 8026.863 GC heap before
{Heap before GC invocations=1774 (full 191):
 garbage-first heap   total 489472K, used 248975K [0x0000000700000000, 0x0000000700100ef0, 0x00000007c0000000)
  region size 1024K, 60 young (61440K), 1 survivors (1024K)
 Metaspace       used 109066K, capacity 112605K, committed 117968K, reserved 1150976K
  class space    used 15089K, capacity 15771K, committed 16892K, reserved 1048576K
}
Event: 8026.867 GC heap after
{Heap after GC invocations=1775 (full 191):
 garbage-first heap   total 489472K, used 188653K [0x0000000700000000, 0x0000000700100ef0, 0x00000007c0000000)
  region size 1024K, 1 young (1024K), 1 survivors (1024K)
 Metaspace       used 109066K, capacity 112605K, committed 117968K, reserved 1150976K
  class space    used 15089K, capacity 15771K, committed 16892K, reserved 1048576K
}
Event: 8031.343 GC heap before
{Heap before GC invocations=1775 (full 191):
 garbage-first heap   total 489472K, used 249069K [0x0000000700000000, 0x0000000700100ef0, 0x00000007c0000000)
  region size 1024K, 61 young (62464K), 1 survivors (1024K)
 Metaspace       used 109066K, capacity 112605K, committed 117968K, reserved 1150976K
  class space    used 15089K, capacity 15771K, committed 16892K, reserved 1048576K
}
Event: 8031.350 GC heap after
{Heap after GC invocations=1776 (full 191):
 garbage-first heap   total 489472K, used 188533K [0x0000000700000000, 0x0000000700100ef0, 0x00000007c0000000)
  region size 1024K, 1 young (1024K), 1 survivors (1024K)
 Metaspace       used 109066K, capacity 112605K, committed 117968K, reserved 1150976K
  class space    used 15089K, capacity 15771K, committed 16892K, reserved 1048576K
}
Event: 8032.636 GC heap before
{Heap before GC invocations=1776 (full 191):
 garbage-first heap   total 489472K, used 248949K [0x0000000700000000, 0x0000000700100ef0, 0x00000007c0000000)
  region size 1024K, 60 young (61440K), 1 survivors (1024K)
 Metaspace       used 109066K, capacity 112605K, committed 117968K, reserved 1150976K
  class space    used 15089K, capacity 15771K, committed 16892K, reserved 1048576K
}
Event: 8032.640 GC heap after
{Heap after GC invocations=1777 (full 191):
 garbage-first heap   total 489472K, used 188805K [0x0000000700000000, 0x0000000700100ef0, 0x00000007c0000000)
  region size 1024K, 1 young (1024K), 1 survivors (1024K)
 Metaspace       used 109066K, capacity 112605K, committed 117968K, reserved 1150976K
  class space    used 15089K, capacity 15771K, committed 16892K, reserved 1048576K
}
Event: 8033.337 GC heap before
{Heap before GC invocations=1777 (full 191):
 garbage-first heap   total 489472K, used 249221K [0x0000000700000000, 0x0000000700100ef0, 0x00000007c0000000)
  region size 1024K, 60 young (61440K), 1 survivors (1024K)
 Metaspace       used 109067K, capacity 112605K, committed 117968K, reserved 1150976K
  class space    used 15089K, capacity 15771K, committed 16892K, reserved 1048576K
}
Event: 8033.340 GC heap after
{Heap after GC invocations=1778 (full 191):
 garbage-first heap   total 489472K, used 189001K [0x0000000700000000, 0x0000000700100ef0, 0x00000007c0000000)
  region size 1024K, 1 young (1024K), 1 survivors (1024K)
 Metaspace       used 109067K, capacity 112605K, committed 117968K, reserved 1150976K
  class space    used 15089K, capacity 15771K, committed 16892K, reserved 1048576K
}

