# JRE version: Java(TM) SE Runtime Environment (9.0+11) (build 9.0.4+11)
# Java VM: Java HotSpot(TM) 64-Bit Server VM (9.0.4+11, mixed mode, tiered, compressed oops, g1 gc, windows-amd64)
Heap:
 garbage-first heap   total 231424K, used 122303K [0x0000000700000000, 0x0000000700100710, 0x00000007c0000000)
  region size 1024K, 9 young (9216K), 1 survivors (1024K)
 Metaspace       used 89617K, capacity 96261K, committed 96460K, reserved 1132544K
  class space    used 12343K, capacity 13495K, committed 13516K, reserved 1048576K
GC Heap History (10 events):
Event: 600.107 GC heap before
{Heap before GC invocations=309 (full 14):
 garbage-first heap   total 192512K, used 179172K [0x0000000700000000, 0x00000007001005e0, 0x00000007c0000000)
  region size 1024K, 60 young (61440K), 1 survivors (1024K)
 Metaspace       used 89366K, capacity 96065K, committed 96204K, reserved 1132544K
  class space    used 12313K, capacity 13493K, committed 13516K, reserved 1048576K
}
Event: 600.110 GC heap after
{Heap after GC invocations=310 (full 14):
 garbage-first heap   total 192512K, used 114809K [0x0000000700000000, 0x00000007001005e0, 0x00000007c0000000)
  region size 1024K, 1 young (1024K), 1 survivors (1024K)
 Metaspace       used 89366K, capacity 96065K, committed 96204K, reserved 1132544K
  class space    used 12313K, capacity 13493K, committed 13516K, reserved 1048576K
}
Event: 602.280 GC heap before
{Heap before GC invocations=311 (full 14):
 garbage-first heap   total 192512K, used 175225K [0x0000000700000000, 0x00000007001005e0, 0x00000007c0000000)
  region size 1024K, 60 young (61440K), 1 survivors (1024K)
 Metaspace       used 89370K, capacity 96065K, committed 96204K, reserved 1132544K
  class space    used 12313K, capacity 13493K, committed 13516K, reserved 1048576K
}
Event: 602.283 GC heap after
{Heap after GC invocations=312 (full 14):
 garbage-first heap   total 192512K, used 114770K [0x0000000700000000, 0x00000007001005e0, 0x00000007c0000000)
  region size 1024K, 1 young (1024K), 1 survivors (1024K)
 Metaspace       used 89370K, capacity 96065K, committed 96204K, reserved 1132544K
  class space    used 12313K, capacity 13493K, committed 13516K, reserved 1048576K
}
Event: 606.950 GC heap before
{Heap before GC invocations=312 (full 14):
 garbage-first heap   total 192512K, used 175186K [0x0000000700000000, 0x00000007001005e0, 0x00000007c0000000)
  region size 1024K, 60 young (61440K), 1 survivors (1024K)
 Metaspace       used 89374K, capacity 96065K, committed 96204K, reserved 1132544K
  class space    used 12313K, capacity 13493K, committed 13516K, reserved 1048576K
}
Event: 606.953 GC heap after
{Heap after GC invocations=313 (full 14):
 garbage-first heap   total 192512K, used 114773K [0x0000000700000000, 0x00000007001005e0, 0x00000007c0000000)
  region size 1024K, 1 young (1024K), 1 survivors (1024K)
 Metaspace       used 89374K, capacity 96065K, committed 96204K, reserved 1132544K
  class space    used 12313K, capacity 13493K, committed 13516K, reserved 1048576K
}
Event: 610.858 GC heap before
{Heap before GC invocations=314 (full 14):
 garbage-first heap   total 192512K, used 175189K [0x0000000700000000, 0x00000007001005e0, 0x00000007c0000000)
  region size 1024K, 60 young (61440K), 1 survivors (1024K)
 Metaspace       used 89378K, capacity 96065K, committed 96204K, reserved 1132544K
  class space    used 12313K, capacity 13493K, committed 13516K, reserved 1048576K
}
Event: 610.867 GC heap after
{Heap after GC invocations=315 (full 14):
 garbage-first heap   total 231424K, used 115017K [0x0000000700000000, 0x0000000700100710, 0x00000007c0000000)
  region size 1024K, 1 young (1024K), 1 survivors (1024K)
 Metaspace       used 89378K, capacity 96065K, committed 96204K, reserved 1132544K
  class space    used 12313K, capacity 13493K, committed 13516K, reserved 1048576K
}
Event: 614.943 GC heap before
{Heap before GC invocations=315 (full 14):
 garbage-first heap   total 231424K, used 175433K [0x0000000700000000, 0x0000000700100710, 0x00000007c0000000)
  region size 1024K, 60 young (61440K), 1 survivors (1024K)
 Metaspace       used 89602K, capacity 96261K, committed 96460K, reserved 1132544K
  class space    used 12336K, capacity 13495K, committed 13516K, reserved 1048576K
}
Event: 614.946 GC heap after
{Heap after GC invocations=316 (full 14):
 garbage-first heap   total 231424K, used 115135K [0x0000000700000000, 0x0000000700100710, 0x00000007c0000000)
  region size 1024K, 1 young (1024K), 1 survivors (1024K)
 Metaspace       used 89602K, capacity 96261K, committed 96460K, reserved 1132544K
  class space    used 12336K, capacity 13495K, committed 13516K, reserved 1048576K
}

