# JRE version: Java(TM) SE Runtime Environment (9.0+11) (build 9.0.4+11)
# Java VM: Java HotSpot(TM) 64-Bit Server VM (9.0.4+11, mixed mode, tiered, compressed oops, g1 gc, windows-amd64)
Heap:
 garbage-first heap   total 227328K, used 114706K [0x0000000700000000, 0x00000007001006f0, 0x00000007c0000000)
  region size 1024K, 16 young (16384K), 2 survivors (2048K)
 Metaspace       used 88525K, capacity 91589K, committed 95996K, reserved 1132544K
  class space    used 11797K, capacity 12393K, committed 13308K, reserved 1048576K
GC Heap History (10 events):
Event: 13729.192 GC heap before
{Heap before GC invocations=704 (full 11):
 garbage-first heap   total 227328K, used 160242K [0x0000000700000000, 0x00000007001006f0, 0x00000007c0000000)
  region size 1024K, 60 young (61440K), 2 survivors (2048K)
 Metaspace       used 88074K, capacity 91063K, committed 95740K, reserved 1132544K
  class space    used 11746K, capacity 12326K, committed 13308K, reserved 1048576K
}
Event: 13729.196 GC heap after
{Heap after GC invocations=705 (full 11):
 garbage-first heap   total 227328K, used 101309K [0x0000000700000000, 0x00000007001006f0, 0x00000007c0000000)
  region size 1024K, 2 young (2048K), 2 survivors (2048K)
 Metaspace       used 88074K, capacity 91063K, committed 95740K, reserved 1132544K
  class space    used 11746K, capacity 12326K, committed 13308K, reserved 1048576K
}
Event: 13731.619 GC heap before
{Heap before GC invocations=705 (full 11):
 garbage-first heap   total 227328K, used 160701K [0x0000000700000000, 0x00000007001006f0, 0x00000007c0000000)
  region size 1024K, 60 young (61440K), 2 survivors (2048K)
 Metaspace       used 88076K, capacity 91063K, committed 95740K, reserved 1132544K
  class space    used 11746K, capacity 12326K, committed 13308K, reserved 1048576K
}
Event: 13731.622 GC heap after
{Heap after GC invocations=706 (full 11):
 garbage-first heap   total 227328K, used 101254K [0x0000000700000000, 0x00000007001006f0, 0x00000007c0000000)
  region size 1024K, 2 young (2048K), 2 survivors (2048K)
 Metaspace       used 88076K, capacity 91063K, committed 95740K, reserved 1132544K
  class space    used 11746K, capacity 12326K, committed 13308K, reserved 1048576K
}
Event: 13733.972 GC heap before
{Heap before GC invocations=706 (full 11):
 garbage-first heap   total 227328K, used 160646K [0x0000000700000000, 0x00000007001006f0, 0x00000007c0000000)
  region size 1024K, 60 young (61440K), 2 survivors (2048K)
 Metaspace       used 88348K, capacity 91357K, committed 95996K, reserved 1132544K
  class space    used 11775K, capacity 12359K, committed 13308K, reserved 1048576K
}
Event: 13733.975 GC heap after
{Heap after GC invocations=707 (full 11):
 garbage-first heap   total 227328K, used 101407K [0x0000000700000000, 0x00000007001006f0, 0x00000007c0000000)
  region size 1024K, 2 young (2048K), 2 survivors (2048K)
 Metaspace       used 88348K, capacity 91357K, committed 95996K, reserved 1132544K
  class space    used 11775K, capacity 12359K, committed 13308K, reserved 1048576K
}
Event: 13736.778 GC heap before
{Heap before GC invocations=707 (full 11):
 garbage-first heap   total 227328K, used 160799K [0x0000000700000000, 0x00000007001006f0, 0x00000007c0000000)
  region size 1024K, 60 young (61440K), 2 survivors (2048K)
 Metaspace       used 88357K, capacity 91357K, committed 95996K, reserved 1132544K
  class space    used 11775K, capacity 12359K, committed 13308K, reserved 1048576K
}
Event: 13736.781 GC heap after
{Heap after GC invocations=708 (full 11):
 garbage-first heap   total 227328K, used 101231K [0x0000000700000000, 0x00000007001006f0, 0x00000007c0000000)
  region size 1024K, 2 young (2048K), 2 survivors (2048K)
 Metaspace       used 88357K, capacity 91357K, committed 95996K, reserved 1132544K
  class space    used 11775K, capacity 12359K, committed 13308K, reserved 1048576K
}
Event: 13737.536 GC heap before
{Heap before GC invocations=708 (full 11):
 garbage-first heap   total 227328K, used 160623K [0x0000000700000000, 0x00000007001006f0, 0x00000007c0000000)
  region size 1024K, 60 young (61440K), 2 survivors (2048K)
 Metaspace       used 88507K, capacity 91589K, committed 95996K, reserved 1132544K
  class space    used 11789K, capacity 12393K, committed 13308K, reserved 1048576K
}
Event: 13737.540 GC heap after
{Heap after GC invocations=709 (full 11):
 garbage-first heap   total 227328K, used 101394K [0x0000000700000000, 0x00000007001006f0, 0x00000007c0000000)
  region size 1024K, 2 young (2048K), 2 survivors (2048K)
 Metaspace       used 88507K, capacity 91589K, committed 95996K, reserved 1132544K
  class space    used 11789K, capacity 12393K, committed 13308K, reserved 1048576K
}

